3832:C 26 Apr 2020 16:49:10.928 # oO0OoO0OoO0Oo Redis is starting oO0OoO0OoO0Oo
3832:C 26 Apr 2020 16:49:10.928 # Redis version=5.0.9, bits=64, commit=00000000, modified=0, pid=3832, just started
3832:C 26 Apr 2020 16:49:10.928 # Configuration loaded
3832:M 26 Apr 2020 16:49:10.929 * Increased maximum number of open files to 10032 (it was originally set to 1024).
                _._                                                  
           _.-``__ ''-._                                             
      _.-``    `.  `_.  ''-._           Redis 5.0.9 (00000000/0) 64 bit
  .-`` .-```.  ```\/    _.,_ ''-._                                   
 (    '      ,       .-`  | `,    )     Running in standalone mode
 |`-._`-...-` __...-.``-._|'` _.-'|     Port: 6380
 |    `-._   `._    /     _.-'    |     PID: 3832
  `-._    `-._  `-./  _.-'    _.-'                                   
 |`-._`-._    `-.__.-'    _.-'_.-'|                                  
 |    `-._`-._        _.-'_.-'    |           http://redis.io        
  `-._    `-._`-.__.-'_.-'    _.-'                                   
 |`-._`-._    `-.__.-'    _.-'_.-'|                                  
 |    `-._`-._        _.-'_.-'    |                                  
  `-._    `-._`-.__.-'_.-'    _.-'                                   
      `-._    `-.__.-'    _.-'                                       
          `-._        _.-'                                           
              `-.__.-'                                               

3832:M 26 Apr 2020 16:49:10.930 # WARNING: The TCP backlog setting of 511 cannot be enforced because /proc/sys/net/core/somaxconn is set to the lower value of 128.
3832:M 26 Apr 2020 16:49:10.930 # Server initialized
3832:M 26 Apr 2020 16:49:10.930 # WARNING overcommit_memory is set to 0! Background save may fail under low memory condition. To fix this issue add 'vm.overcommit_memory = 1' to /etc/sysctl.conf and then reboot or run the command 'sysctl vm.overcommit_memory=1' for this to take effect.
3832:M 26 Apr 2020 16:49:10.930 # WARNING you have Transparent Huge Pages (THP) support enabled in your kernel. This will create latency and memory usage issues with Redis. To fix this issue run the command 'echo never > /sys/kernel/mm/transparent_hugepage/enabled' as root, and add it to your /etc/rc.local in order to retain the setting after a reboot. Redis must be restarted after THP is disabled.
3832:M 26 Apr 2020 16:49:10.930 * DB loaded from disk: 0.000 seconds
3832:M 26 Apr 2020 16:49:10.930 * Ready to accept connections
3832:M 26 Apr 2020 20:52:57.017 # User requested shutdown...
3832:M 26 Apr 2020 20:52:57.017 * Saving the final RDB snapshot before exiting.
3832:M 26 Apr 2020 20:52:57.019 * DB saved on disk
3832:M 26 Apr 2020 20:52:57.019 * Removing the pid file.
3832:M 26 Apr 2020 20:52:57.019 # Redis is now ready to exit, bye bye...
